<?xml version="1.0" encoding="UTF-8"?>
<testsuite xmlns:xsi="http://www.w3.org/2001/XMLSchema-instance" xsi:noNamespaceSchemaLocation="https://maven.apache.org/surefire/maven-surefire-plugin/xsd/surefire-test-report.xsd" name="org.springframework.samples.mvc.response.ResponseControllerTests" time="0.233" tests="5" errors="0" skipped="0" failures="0">
  <properties>
    <property name="sun.desktop" value="windows"/>
    <property name="awt.toolkit" value="sun.awt.windows.WToolkit"/>
    <property name="file.encoding.pkg" value="sun.io"/>
    <property name="java.specification.version" value="1.8"/>
    <property name="sun.cpu.isalist" value="amd64"/>
    <property name="sun.jnu.encoding" value="Cp1252"/>
    <property name="java.class.path" value="C:\Users\Suresh Reddy\Downloads\spring-mvc-showcase-master\target\test-classes;C:\Users\Suresh Reddy\Downloads\spring-mvc-showcase-master\target\classes;C:\Users\Suresh Reddy\.m2\repository\org\springframework\spring-context\5.0.4.RELEASE\spring-context-5.0.4.RELEASE.jar;C:\Users\Suresh Reddy\.m2\repository\org\springframework\spring-aop\5.0.4.RELEASE\spring-aop-5.0.4.RELEASE.jar;C:\Users\Suresh Reddy\.m2\repository\org\springframework\spring-beans\5.0.4.RELEASE\spring-beans-5.0.4.RELEASE.jar;C:\Users\Suresh Reddy\.m2\repository\org\springframework\spring-core\5.0.4.RELEASE\spring-core-5.0.4.RELEASE.jar;C:\Users\Suresh Reddy\.m2\repository\org\springframework\spring-jcl\5.0.4.RELEASE\spring-jcl-5.0.4.RELEASE.jar;C:\Users\Suresh Reddy\.m2\repository\org\springframework\spring-expression\5.0.4.RELEASE\spring-expression-5.0.4.RELEASE.jar;C:\Users\Suresh Reddy\.m2\repository\org\springframework\spring-webmvc\5.0.4.RELEASE\spring-webmvc-5.0.4.RELEASE.jar;C:\Users\Suresh Reddy\.m2\repository\org\springframework\spring-web\5.0.4.RELEASE\spring-web-5.0.4.RELEASE.jar;C:\Users\Suresh Reddy\.m2\repository\org\springframework\security\spring-security-web\5.0.0.RELEASE\spring-security-web-5.0.0.RELEASE.jar;C:\Users\Suresh Reddy\.m2\repository\org\springframework\security\spring-security-core\5.0.0.RELEASE\spring-security-core-5.0.0.RELEASE.jar;C:\Users\Suresh Reddy\.m2\repository\org\aspectj\aspectjrt\1.8.1\aspectjrt-1.8.1.jar;C:\Users\Suresh Reddy\.m2\repository\org\apache\logging\log4j\log4j-core\2.11.1\log4j-core-2.11.1.jar;C:\Users\Suresh Reddy\.m2\repository\org\apache\logging\log4j\log4j-api\2.11.1\log4j-api-2.11.1.jar;C:\Users\Suresh Reddy\.m2\repository\org\apache\logging\log4j\log4j-slf4j-impl\2.11.1\log4j-slf4j-impl-2.11.1.jar;C:\Users\Suresh Reddy\.m2\repository\org\slf4j\slf4j-api\1.7.25\slf4j-api-1.7.25.jar;C:\Users\Suresh Reddy\.m2\repository\javax\inject\javax.inject\1\javax.inject-1.jar;C:\Users\Suresh Reddy\.m2\repository\javax\servlet\javax.servlet-api\3.1.0\javax.servlet-api-3.1.0.jar;C:\Users\Suresh Reddy\.m2\repository\javax\servlet\jsp\javax.servlet.jsp-api\2.3.2-b02\javax.servlet.jsp-api-2.3.2-b02.jar;C:\Users\Suresh Reddy\.m2\repository\javax\servlet\jstl\1.2\jstl-1.2.jar;C:\Users\Suresh Reddy\.m2\repository\com\fasterxml\jackson\core\jackson-databind\2.9.3\jackson-databind-2.9.3.jar;C:\Users\Suresh Reddy\.m2\repository\com\fasterxml\jackson\core\jackson-annotations\2.9.0\jackson-annotations-2.9.0.jar;C:\Users\Suresh Reddy\.m2\repository\com\fasterxml\jackson\core\jackson-core\2.9.3\jackson-core-2.9.3.jar;C:\Users\Suresh Reddy\.m2\repository\com\rometools\rome\1.9.0\rome-1.9.0.jar;C:\Users\Suresh Reddy\.m2\repository\com\rometools\rome-utils\1.9.0\rome-utils-1.9.0.jar;C:\Users\Suresh Reddy\.m2\repository\org\jdom\jdom2\2.0.6\jdom2-2.0.6.jar;C:\Users\Suresh Reddy\.m2\repository\javax\validation\validation-api\2.0.1.Final\validation-api-2.0.1.Final.jar;C:\Users\Suresh Reddy\.m2\repository\org\hibernate\validator\hibernate-validator\6.0.7.Final\hibernate-validator-6.0.7.Final.jar;C:\Users\Suresh Reddy\.m2\repository\org\jboss\logging\jboss-logging\3.3.0.Final\jboss-logging-3.3.0.Final.jar;C:\Users\Suresh Reddy\.m2\repository\com\fasterxml\classmate\1.3.1\classmate-1.3.1.jar;C:\Users\Suresh Reddy\.m2\repository\javax\el\javax.el-api\3.0.1-b04\javax.el-api-3.0.1-b04.jar;C:\Users\Suresh Reddy\.m2\repository\org\glassfish\javax.el\3.0.1-b08\javax.el-3.0.1-b08.jar;C:\Users\Suresh Reddy\.m2\repository\joda-time\joda-time\2.9.9\joda-time-2.9.9.jar;C:\Users\Suresh Reddy\.m2\repository\commons-fileupload\commons-fileupload\1.3.3\commons-fileupload-1.3.3.jar;C:\Users\Suresh Reddy\.m2\repository\commons-io\commons-io\2.5\commons-io-2.5.jar;C:\Users\Suresh Reddy\.m2\repository\org\springframework\spring-test\5.0.4.RELEASE\spring-test-5.0.4.RELEASE.jar;C:\Users\Suresh Reddy\.m2\repository\junit\junit\4.12\junit-4.12.jar;C:\Users\Suresh Reddy\.m2\repository\org\hamcrest\hamcrest-core\1.3\hamcrest-core-1.3.jar;C:\Users\Suresh Reddy\.m2\repository\org\xmlunit\xmlunit-matchers\2.5.1\xmlunit-matchers-2.5.1.jar;C:\Users\Suresh Reddy\.m2\repository\org\xmlunit\xmlunit-core\2.5.1\xmlunit-core-2.5.1.jar;C:\Users\Suresh Reddy\.m2\repository\com\jayway\jsonpath\json-path\2.4.0\json-path-2.4.0.jar;C:\Users\Suresh Reddy\.m2\repository\net\minidev\json-smart\2.3\json-smart-2.3.jar;C:\Users\Suresh Reddy\.m2\repository\net\minidev\accessors-smart\1.2\accessors-smart-1.2.jar;C:\Users\Suresh Reddy\.m2\repository\org\ow2\asm\asm\5.0.4\asm-5.0.4.jar;C:\Users\Suresh Reddy\.m2\repository\org\hamcrest\hamcrest-library\1.3\hamcrest-library-1.3.jar;"/>
    <property name="java.vm.vendor" value="Oracle Corporation"/>
    <property name="sun.arch.data.model" value="64"/>
    <property name="user.variant" value=""/>
    <property name="java.vendor.url" value="http://java.oracle.com/"/>
    <property name="user.timezone" value=""/>
    <property name="java.vm.specification.version" value="1.8"/>
    <property name="os.name" value="Windows 10"/>
    <property name="user.country" value="US"/>
    <property name="sun.java.launcher" value="SUN_STANDARD"/>
    <property name="sun.boot.library.path" value="C:\Program Files\Java\jdk1.8.0_171\jre\bin"/>
    <property name="sun.java.command" value="C:\Users\SURESH~1\AppData\Local\Temp\surefire8148023065927644044\surefirebooter575468021677853114.jar C:\Users\Suresh Reddy\AppData\Local\Temp\surefire8148023065927644044 2018-09-01T19-57-04_723-jvmRun1 surefire1546439156223271737tmp surefire_06970113151426644957tmp"/>
    <property name="surefire.test.class.path" value="C:\Users\Suresh Reddy\Downloads\spring-mvc-showcase-master\target\test-classes;C:\Users\Suresh Reddy\Downloads\spring-mvc-showcase-master\target\classes;C:\Users\Suresh Reddy\.m2\repository\org\springframework\spring-context\5.0.4.RELEASE\spring-context-5.0.4.RELEASE.jar;C:\Users\Suresh Reddy\.m2\repository\org\springframework\spring-aop\5.0.4.RELEASE\spring-aop-5.0.4.RELEASE.jar;C:\Users\Suresh Reddy\.m2\repository\org\springframework\spring-beans\5.0.4.RELEASE\spring-beans-5.0.4.RELEASE.jar;C:\Users\Suresh Reddy\.m2\repository\org\springframework\spring-core\5.0.4.RELEASE\spring-core-5.0.4.RELEASE.jar;C:\Users\Suresh Reddy\.m2\repository\org\springframework\spring-jcl\5.0.4.RELEASE\spring-jcl-5.0.4.RELEASE.jar;C:\Users\Suresh Reddy\.m2\repository\org\springframework\spring-expression\5.0.4.RELEASE\spring-expression-5.0.4.RELEASE.jar;C:\Users\Suresh Reddy\.m2\repository\org\springframework\spring-webmvc\5.0.4.RELEASE\spring-webmvc-5.0.4.RELEASE.jar;C:\Users\Suresh Reddy\.m2\repository\org\springframework\spring-web\5.0.4.RELEASE\spring-web-5.0.4.RELEASE.jar;C:\Users\Suresh Reddy\.m2\repository\org\springframework\security\spring-security-web\5.0.0.RELEASE\spring-security-web-5.0.0.RELEASE.jar;C:\Users\Suresh Reddy\.m2\repository\org\springframework\security\spring-security-core\5.0.0.RELEASE\spring-security-core-5.0.0.RELEASE.jar;C:\Users\Suresh Reddy\.m2\repository\org\aspectj\aspectjrt\1.8.1\aspectjrt-1.8.1.jar;C:\Users\Suresh Reddy\.m2\repository\org\apache\logging\log4j\log4j-core\2.11.1\log4j-core-2.11.1.jar;C:\Users\Suresh Reddy\.m2\repository\org\apache\logging\log4j\log4j-api\2.11.1\log4j-api-2.11.1.jar;C:\Users\Suresh Reddy\.m2\repository\org\apache\logging\log4j\log4j-slf4j-impl\2.11.1\log4j-slf4j-impl-2.11.1.jar;C:\Users\Suresh Reddy\.m2\repository\org\slf4j\slf4j-api\1.7.25\slf4j-api-1.7.25.jar;C:\Users\Suresh Reddy\.m2\repository\javax\inject\javax.inject\1\javax.inject-1.jar;C:\Users\Suresh Reddy\.m2\repository\javax\servlet\javax.servlet-api\3.1.0\javax.servlet-api-3.1.0.jar;C:\Users\Suresh Reddy\.m2\repository\javax\servlet\jsp\javax.servlet.jsp-api\2.3.2-b02\javax.servlet.jsp-api-2.3.2-b02.jar;C:\Users\Suresh Reddy\.m2\repository\javax\servlet\jstl\1.2\jstl-1.2.jar;C:\Users\Suresh Reddy\.m2\repository\com\fasterxml\jackson\core\jackson-databind\2.9.3\jackson-databind-2.9.3.jar;C:\Users\Suresh Reddy\.m2\repository\com\fasterxml\jackson\core\jackson-annotations\2.9.0\jackson-annotations-2.9.0.jar;C:\Users\Suresh Reddy\.m2\repository\com\fasterxml\jackson\core\jackson-core\2.9.3\jackson-core-2.9.3.jar;C:\Users\Suresh Reddy\.m2\repository\com\rometools\rome\1.9.0\rome-1.9.0.jar;C:\Users\Suresh Reddy\.m2\repository\com\rometools\rome-utils\1.9.0\rome-utils-1.9.0.jar;C:\Users\Suresh Reddy\.m2\repository\org\jdom\jdom2\2.0.6\jdom2-2.0.6.jar;C:\Users\Suresh Reddy\.m2\repository\javax\validation\validation-api\2.0.1.Final\validation-api-2.0.1.Final.jar;C:\Users\Suresh Reddy\.m2\repository\org\hibernate\validator\hibernate-validator\6.0.7.Final\hibernate-validator-6.0.7.Final.jar;C:\Users\Suresh Reddy\.m2\repository\org\jboss\logging\jboss-logging\3.3.0.Final\jboss-logging-3.3.0.Final.jar;C:\Users\Suresh Reddy\.m2\repository\com\fasterxml\classmate\1.3.1\classmate-1.3.1.jar;C:\Users\Suresh Reddy\.m2\repository\javax\el\javax.el-api\3.0.1-b04\javax.el-api-3.0.1-b04.jar;C:\Users\Suresh Reddy\.m2\repository\org\glassfish\javax.el\3.0.1-b08\javax.el-3.0.1-b08.jar;C:\Users\Suresh Reddy\.m2\repository\joda-time\joda-time\2.9.9\joda-time-2.9.9.jar;C:\Users\Suresh Reddy\.m2\repository\commons-fileupload\commons-fileupload\1.3.3\commons-fileupload-1.3.3.jar;C:\Users\Suresh Reddy\.m2\repository\commons-io\commons-io\2.5\commons-io-2.5.jar;C:\Users\Suresh Reddy\.m2\repository\org\springframework\spring-test\5.0.4.RELEASE\spring-test-5.0.4.RELEASE.jar;C:\Users\Suresh Reddy\.m2\repository\junit\junit\4.12\junit-4.12.jar;C:\Users\Suresh Reddy\.m2\repository\org\hamcrest\hamcrest-core\1.3\hamcrest-core-1.3.jar;C:\Users\Suresh Reddy\.m2\repository\org\xmlunit\xmlunit-matchers\2.5.1\xmlunit-matchers-2.5.1.jar;C:\Users\Suresh Reddy\.m2\repository\org\xmlunit\xmlunit-core\2.5.1\xmlunit-core-2.5.1.jar;C:\Users\Suresh Reddy\.m2\repository\com\jayway\jsonpath\json-path\2.4.0\json-path-2.4.0.jar;C:\Users\Suresh Reddy\.m2\repository\net\minidev\json-smart\2.3\json-smart-2.3.jar;C:\Users\Suresh Reddy\.m2\repository\net\minidev\accessors-smart\1.2\accessors-smart-1.2.jar;C:\Users\Suresh Reddy\.m2\repository\org\ow2\asm\asm\5.0.4\asm-5.0.4.jar;C:\Users\Suresh Reddy\.m2\repository\org\hamcrest\hamcrest-library\1.3\hamcrest-library-1.3.jar;"/>
    <property name="sun.cpu.endian" value="little"/>
    <property name="user.home" value="C:\Users\Suresh Reddy"/>
    <property name="user.language" value="en"/>
    <property name="java.specification.vendor" value="Oracle Corporation"/>
    <property name="java.home" value="C:\Program Files\Java\jdk1.8.0_171\jre"/>
    <property name="basedir" value="C:\Users\Suresh Reddy\Downloads\spring-mvc-showcase-master"/>
    <property name="file.separator" value="\"/>
    <property name="line.separator" value="&#10;"/>
    <property name="java.vm.specification.vendor" value="Oracle Corporation"/>
    <property name="java.specification.name" value="Java Platform API Specification"/>
    <property name="java.awt.graphicsenv" value="sun.awt.Win32GraphicsEnvironment"/>
    <property name="surefire.real.class.path" value="C:\Users\SURESH~1\AppData\Local\Temp\surefire8148023065927644044\surefirebooter575468021677853114.jar"/>
    <property name="sun.boot.class.path" value="C:\Program Files\Java\jdk1.8.0_171\jre\lib\resources.jar;C:\Program Files\Java\jdk1.8.0_171\jre\lib\rt.jar;C:\Program Files\Java\jdk1.8.0_171\jre\lib\sunrsasign.jar;C:\Program Files\Java\jdk1.8.0_171\jre\lib\jsse.jar;C:\Program Files\Java\jdk1.8.0_171\jre\lib\jce.jar;C:\Program Files\Java\jdk1.8.0_171\jre\lib\charsets.jar;C:\Program Files\Java\jdk1.8.0_171\jre\lib\jfr.jar;C:\Program Files\Java\jdk1.8.0_171\jre\classes"/>
    <property name="user.script" value=""/>
    <property name="sun.management.compiler" value="HotSpot 64-Bit Tiered Compilers"/>
    <property name="java.runtime.version" value="1.8.0_171-b11"/>
    <property name="user.name" value="Suresh Reddy"/>
    <property name="path.separator" value=";"/>
    <property name="os.version" value="10.0"/>
    <property name="java.endorsed.dirs" value="C:\Program Files\Java\jdk1.8.0_171\jre\lib\endorsed"/>
    <property name="java.runtime.name" value="Java(TM) SE Runtime Environment"/>
    <property name="file.encoding" value="Cp1252"/>
    <property name="java.vm.name" value="Java HotSpot(TM) 64-Bit Server VM"/>
    <property name="localRepository" value="C:\Users\Suresh Reddy\.m2\repository"/>
    <property name="java.vendor.url.bug" value="http://bugreport.sun.com/bugreport/"/>
    <property name="java.io.tmpdir" value="C:\Users\SURESH~1\AppData\Local\Temp\"/>
    <property name="java.version" value="1.8.0_171"/>
    <property name="user.dir" value="C:\Users\Suresh Reddy\Downloads\spring-mvc-showcase-master"/>
    <property name="os.arch" value="amd64"/>
    <property name="java.vm.specification.name" value="Java Virtual Machine Specification"/>
    <property name="java.awt.printerjob" value="sun.awt.windows.WPrinterJob"/>
    <property name="sun.os.patch.level" value=""/>
    <property name="java.library.path" value="C:\Program Files\Java\jdk1.8.0_171\jre\bin;C:\Windows\Sun\Java\bin;C:\Windows\system32;C:\Windows;C:\Program Files (x86)\Common Files\Oracle\Java\javapath;C:\Windows\system32;C:\Windows;C:\Windows\System32\Wbem;C:\Windows\System32\WindowsPowerShell\v1.0\;C:\Program Files\Git\cmd;C:\Program Files\Git\mingw64\bin;C:\Program Files\Git\usr\bin;C:\Program Files\Java\jdk1.8.0_171\bin;C:\Program Files\Java\jre1.8.0_171\bin;C:\Program Files\apache-maven-3.5.4\bin;C:\Users\Suresh Reddy\AppData\Local\Microsoft\WindowsApps;;."/>
    <property name="java.vm.info" value="mixed mode"/>
    <property name="java.vendor" value="Oracle Corporation"/>
    <property name="java.vm.version" value="25.171-b11"/>
    <property name="java.ext.dirs" value="C:\Program Files\Java\jdk1.8.0_171\jre\lib\ext;C:\Windows\Sun\Java\lib\ext"/>
    <property name="sun.io.unicode.encoding" value="UnicodeLittle"/>
    <property name="java.class.version" value="52.0"/>
  </properties>
  <testcase name="responseCharsetAccept" classname="org.springframework.samples.mvc.response.ResponseControllerTests" time="0"/>
  <testcase name="responseEntityHeaders" classname="org.springframework.samples.mvc.response.ResponseControllerTests" time="0"/>
  <testcase name="responseEntityStatus" classname="org.springframework.samples.mvc.response.ResponseControllerTests" time="0.085"/>
  <testcase name="responseBody" classname="org.springframework.samples.mvc.response.ResponseControllerTests" time="0.096"/>
  <testcase name="responseCharsetProduce" classname="org.springframework.samples.mvc.response.ResponseControllerTests" time="0.042"/>
</testsuite>